2024-12-11 17:22:17 [INFO]: Browser launched.
2024-12-11 17:22:18 [INFO]: New page opened.
2024-12-11 17:22:18 [INFO]: Navigating to Kakubarhythm live events page...
2024-12-11 17:22:20 [INFO]: Page loaded.
2024-12-11 17:22:20 [INFO]: Found 28 event items.
2024-12-11 17:22:20 [INFO]: Processing event 1 of 28...
2024-12-11 17:22:20 [INFO]: Event Title: 『Eupholks "hua" LP Release Show 』
2024-12-11 17:22:20 [INFO]: Venue: 東京都　西永福JAM
2024-12-11 17:22:20 [INFO]: Extracted event link: https://kakubarhythm.com/live/post/12867
2024-12-11 17:22:20 [INFO]: Skipping event at venue: 東京都　西永福JAM
2024-12-11 17:22:20 [INFO]: Processing event 2 of 28...
2024-12-11 17:22:20 [INFO]: Event Title: 『CONCERT “Neon God”』
2024-12-11 17:22:20 [INFO]: Venue: 東京都　渋谷WWW
2024-12-11 17:22:20 [INFO]: Extracted event link: https://kakubarhythm.com/live/post/12846
2024-12-11 17:22:20 [INFO]: Skipping event at venue: 東京都　渋谷WWW
2024-12-11 17:22:20 [INFO]: Processing event 3 of 28...
2024-12-11 17:22:20 [INFO]: Event Title: 『片想いワンマンライブ 「からまるもお」』
2024-12-11 17:22:20 [INFO]: Venue: 東京都　ダンスホール新世紀
2024-12-11 17:22:20 [INFO]: Extracted event link: https://kakubarhythm.com/live/post/12715
2024-12-11 17:22:20 [INFO]: Skipping event at venue: 東京都　ダンスホール新世紀
2024-12-11 17:22:20 [INFO]: Processing event 4 of 28...
2024-12-11 17:22:20 [INFO]: Event Title: 『あうん堂20周年記念スペシャルライブ 第一夜』
2024-12-11 17:22:20 [INFO]: Venue: 石川県　金沢・もっきりや
2024-12-11 17:22:20 [INFO]: Extracted event link: https://kakubarhythm.com/live/post/12988
2024-12-11 17:22:20 [INFO]: Skipping event at venue: 石川県　金沢・もっきりや
2024-12-11 17:22:20 [INFO]: Processing event 5 of 28...
2024-12-11 17:22:20 [INFO]: Event Title: 『【京都公演】Homecomings oneman live “angel near you”』
2024-12-11 17:22:20 [INFO]: Venue: 京都府　京都 MUSE
2024-12-11 17:22:20 [INFO]: Extracted event link: https://kakubarhythm.com/live/post/12780
2024-12-11 17:22:20 [INFO]: Navigating to event detail page: https://kakubarhythm.com/live/post/12780
2024-12-11 17:22:24 [INFO]: Ticket info: STANDING ¥5,000
学割STANDING ¥3,500

Homecomingsオフィシャル4次先行予約受付（全国）
https://w.pia.jp/t/homecomings-angelnearyou/
期間：9/14(土)14:00〜9/23(月祝)23:59
2024-12-11 17:22:24 [INFO]: Extracted structured event data: {"title":"『【京都公演】Homecomings oneman live “angel near you”』","date_start":"2024-12-20","date_end":"2024-12-20","time_start":"18:30","time_end":"19:30","venue":"京都府　京都 MUSE","organization":"Kakubarhythm","image_url":"https://kakubarhythm.com/wordpress/wp-content/uploads/2024/10/mainvisual_pc_20241031.jpg","schedule":[{"date":"2024-12-20","time_start":"18:30","time_end":"19:30","special_notes":null}],"prices":[{"price_tier":"STANDING","amount":"5000","currency":"JPY","discount_info":null},{"price_tier":"学割STANDING","amount":"3500","currency":"JPY","discount_info":null}],"description":"OPEN / START\n\n18:30 / 19:30\n\nTICKET\n\nSTANDING ¥5,000\n学割STANDING ¥3,500\n\nHomecomingsオフィシャル4次先行予約受付（全国）\nhttps://w.pia.jp/t/homecomings-angelnearyou/\n期間：9/14(土)14:00〜9/23(月祝)23:59\n\nLIVE\n\nHomecomings (ONE-MAN LIVE)","event_link":"https://kakubarhythm.com/live/post/12780","raw_price_text":"STANDING ¥5,000\n学割STANDING ¥3,500\n\nHomecomingsオフィシャル4次先行予約受付（全国）\nhttps://w.pia.jp/t/homecomings-angelnearyou/\n期間：9/14(土)14:00〜9/23(月祝)23:59","categories":["Live Event"],"tags":["Music","Concert"],"ended":false,"free":false,"site":"kakubarhythm"}
2024-12-11 17:22:24 [INFO]: Processing event 6 of 28...
2024-12-11 17:22:25 [INFO]: Event Title: 『【名古屋公演】Homecomings oneman live "angel near you"』
2024-12-11 17:22:25 [INFO]: Venue: 愛知県　NAGOYA JAMMIN’
2024-12-11 17:22:25 [INFO]: Extracted event link: https://kakubarhythm.com/live/post/12544
2024-12-11 17:22:25 [INFO]: Skipping event at venue: 愛知県　NAGOYA JAMMIN’
2024-12-11 17:22:25 [INFO]: Processing event 7 of 28...
2024-12-11 17:22:25 [INFO]: Event Title: 『あうん堂20周年記念スペシャルライブ 第二夜』
2024-12-11 17:22:25 [INFO]: Venue: 石川県　金沢・もっきりや
2024-12-11 17:22:25 [INFO]: Extracted event link: https://kakubarhythm.com/live/post/12989
2024-12-11 17:22:25 [INFO]: Skipping event at venue: 石川県　金沢・もっきりや
2024-12-11 17:22:25 [INFO]: Processing event 8 of 28...
2024-12-11 17:22:25 [INFO]: Event Title: 『PLAY VOL.161』
2024-12-11 17:22:25 [INFO]: Venue: 東京都　渋谷La.mama
2024-12-11 17:22:25 [INFO]: Extracted event link: https://kakubarhythm.com/live/post/12937
2024-12-11 17:22:25 [INFO]: Skipping event at venue: 東京都　渋谷La.mama
2024-12-11 17:22:25 [INFO]: Processing event 9 of 28...
2024-12-11 17:22:25 [INFO]: Event Title: 『キセル結成25周年ツアー 〜ぐるりと回ってまた始めから〜 東京公演』
2024-12-11 17:22:25 [INFO]: Venue: 東京都　渋谷区文化総合センター大和田さくらホール
2024-12-11 17:22:25 [INFO]: Extracted event link: https://kakubarhythm.com/live/post/12514
2024-12-11 17:22:25 [INFO]: Skipping event at venue: 東京都　渋谷区文化総合センター大和田さくらホール
2024-12-11 17:22:25 [INFO]: Processing event 10 of 28...
2024-12-11 17:22:25 [INFO]: Event Title: 『【大阪公演】Homecomings oneman live "angel near you" ※SOLD OUT』
2024-12-11 17:22:25 [INFO]: Venue: 大阪府　梅田 Shangri-La
2024-12-11 17:22:25 [INFO]: Extracted event link: https://kakubarhythm.com/live/post/12532
2024-12-11 17:22:25 [INFO]: Skipping event at venue: 大阪府　梅田 Shangri-La
2024-12-11 17:22:25 [INFO]: Processing event 11 of 28...
2024-12-11 17:22:25 [INFO]: Event Title: 『【東京公演】Homecomings oneman live “angel near you”』
2024-12-11 17:22:25 [INFO]: Venue: 東京都　Zepp Shinjuku (TOKYO)
2024-12-11 17:22:25 [INFO]: Extracted event link: https://kakubarhythm.com/live/post/12533
2024-12-11 17:22:25 [INFO]: Skipping event at venue: 東京都　Zepp Shinjuku (TOKYO)
2024-12-11 17:22:25 [INFO]: Processing event 12 of 28...
2024-12-11 17:22:25 [INFO]: Event Title: 『【箱舟旅行 第34回】LAUSBUB × シャッポ』
2024-12-11 17:22:25 [INFO]: Venue: 東京都　代官山 晴れたら空に豆まいて
2024-12-11 17:22:25 [INFO]: Extracted event link: https://kakubarhythm.com/live/post/12838
2024-12-11 17:22:25 [INFO]: Skipping event at venue: 東京都　代官山 晴れたら空に豆まいて
2024-12-11 17:22:25 [INFO]: Processing event 13 of 28...
2024-12-11 17:22:25 [INFO]: Event Title: 『440(four forty) × タデクイ presents シャッポ × タデクイ』
2024-12-11 17:22:25 [INFO]: Venue: 東京都　下北沢440
2024-12-11 17:22:25 [INFO]: Extracted event link: https://kakubarhythm.com/live/post/12837
2024-12-11 17:22:25 [INFO]: Skipping event at venue: 東京都　下北沢440
2024-12-11 17:22:25 [INFO]: Processing event 14 of 28...
2024-12-11 17:22:25 [INFO]: Event Title: 『Ginger Root SHINBANGUMI JAPAN TOUR 2025』
2024-12-11 17:22:25 [INFO]: Venue: 愛知県　Zepp Nagoya
2024-12-11 17:22:25 [INFO]: Extracted event link: https://kakubarhythm.com/live/post/12977
2024-12-11 17:22:25 [INFO]: Skipping event at venue: 愛知県　Zepp Nagoya
2024-12-11 17:22:25 [INFO]: Processing event 15 of 28...
2024-12-11 17:22:25 [INFO]: Event Title: 『【金沢公演】Homecomings oneman live “angel near you”』
2024-12-11 17:22:25 [INFO]: Venue: 石川県　金沢 vanvan V4
2024-12-11 17:22:25 [INFO]: Extracted event link: https://kakubarhythm.com/live/post/12787
2024-12-11 17:22:25 [INFO]: Skipping event at venue: 石川県　金沢 vanvan V4
2024-12-11 17:22:25 [INFO]: Processing event 16 of 28...
2024-12-11 17:22:25 [INFO]: Event Title: 『SOUL FLOWER MONONOKE SUMMIT "つづら折りの宴〜あれから30年"』
2024-12-11 17:22:25 [INFO]: Venue: 京都府　磔磔
2024-12-11 17:22:25 [INFO]: Extracted event link: https://kakubarhythm.com/live/post/12911
2024-12-11 17:22:25 [INFO]: Navigating to event detail page: https://kakubarhythm.com/live/post/12911
2024-12-11 17:22:29 [INFO]: Ticket info: 前売5,500円 / 当日6,000円

【取り扱い】
※磔磔 店頭販売：10/27(日)15:00〜
※イープラス一般発売：11/16(土)10:00〜
販売URL：https://eplus.jp/sf/detail/4209680001-P0030001

※入場順：磔磔店頭＆イープラス先行(並列入場) → イープラス一般
2024-12-11 17:22:29 [INFO]: Extracted structured event data: {"title":"『SOUL FLOWER MONONOKE SUMMIT \"つづら折りの宴〜あれから30年\"』","date_start":"2025-01-19","date_end":"2025-01-19","time_start":"17:00","time_end":"18:00","venue":"京都府　磔磔","organization":"Kakubarhythm","image_url":"https://kakubarhythm.com/wordpress/wp-content/uploads/2024/10/mainvisual_pc_20241031.jpg","schedule":[{"date":"2025-01-19","time_start":"17:00","time_end":"18:00","special_notes":null}],"prices":[{"price_tier":"前売","amount":"5500","currency":"JPY","discount_info":null}],"description":"OPEN / START\n\n17:00 / 18:00\n\nTICKET\n\n前売5,500円 / 当日6,000円\n\n【取り扱い】\n※磔磔 店頭販売：10/27(日)15:00〜\n※イープラス一般発売：11/16(土)10:00〜\n販売URL：https://eplus.jp/sf/detail/4209680001-P0030001\n\n※入場順：磔磔店頭＆イープラス先行(並列入場) → イープラス一般\n\nLIVE\n\nソウル・フラワー・モノノケ・サミット\nゲスト：二階堂和美\n\nINFO\n\n磔磔　075-351-1321\n京都市下京区富小路仏光寺下ル筋屋町136-9","event_link":"https://kakubarhythm.com/live/post/12911","raw_price_text":"前売5,500円 / 当日6,000円\n\n【取り扱い】\n※磔磔 店頭販売：10/27(日)15:00〜\n※イープラス一般発売：11/16(土)10:00〜\n販売URL：https://eplus.jp/sf/detail/4209680001-P0030001\n\n※入場順：磔磔店頭＆イープラス先行(並列入場) → イープラス一般","categories":["Live Event"],"tags":["Music","Concert"],"ended":false,"free":false,"site":"kakubarhythm"}
2024-12-11 17:22:29 [INFO]: Processing event 17 of 28...
2024-12-11 17:22:29 [INFO]: Event Title: 『【香川公演】Homecomings oneman live “angel near you”』
2024-12-11 17:22:29 [INFO]: Venue: 香川県　高松TOONICE
2024-12-11 17:22:29 [INFO]: Extracted event link: https://kakubarhythm.com/live/post/12790
2024-12-11 17:22:29 [INFO]: Skipping event at venue: 香川県　高松TOONICE
2024-12-11 17:22:29 [INFO]: Processing event 18 of 28...
2024-12-11 17:22:29 [INFO]: Event Title: 『【福岡公演】Homecomings oneman live “angel near you”』
2024-12-11 17:22:29 [INFO]: Venue: 福岡県　the voodoo lounge
2024-12-11 17:22:29 [INFO]: Extracted event link: https://kakubarhythm.com/live/post/12785
2024-12-11 17:22:29 [INFO]: Skipping event at venue: 福岡県　the voodoo lounge
2024-12-11 17:22:29 [INFO]: Processing event 19 of 28...
2024-12-11 17:22:29 [INFO]: Event Title: 『わわわわわ音楽祭2025』
2024-12-11 17:22:29 [INFO]: Venue: 大阪府　味園ユニバース
2024-12-11 17:22:29 [INFO]: Extracted event link: https://kakubarhythm.com/live/post/12926
2024-12-11 17:22:29 [INFO]: Skipping event at venue: 大阪府　味園ユニバース
2024-12-11 17:22:29 [INFO]: Processing event 20 of 28...
2024-12-11 17:22:29 [INFO]: Event Title: 『【仙台公演】Homecomings oneman live “angel near you”』
2024-12-11 17:22:29 [INFO]: Venue: 宮城県　仙台 enn 2nd
2024-12-11 17:22:29 [INFO]: Extracted event link: https://kakubarhythm.com/live/post/12788
2024-12-11 17:22:29 [INFO]: Skipping event at venue: 宮城県　仙台 enn 2nd
2024-12-11 17:22:29 [INFO]: Processing event 21 of 28...
2024-12-11 17:22:29 [INFO]: Event Title: 『ROCK or LIVE！- ロックお笑い部 - Vol.4』
2024-12-11 17:22:29 [INFO]: Venue: 大阪府　GORILLA HALL OSAKA
2024-12-11 17:22:29 [INFO]: Extracted event link: https://kakubarhythm.com/live/post/12902
2024-12-11 17:22:29 [INFO]: Skipping event at venue: 大阪府　GORILLA HALL OSAKA
2024-12-11 17:22:29 [INFO]: Processing event 22 of 28...
2024-12-11 17:22:29 [INFO]: Event Title: 『【札幌公演】Homecomings oneman live “angel near you”』
2024-12-11 17:22:29 [INFO]: Venue: 北海道　札幌 ベッシーホール
2024-12-11 17:22:29 [INFO]: Extracted event link: https://kakubarhythm.com/live/post/12784
2024-12-11 17:22:29 [INFO]: Skipping event at venue: 北海道　札幌 ベッシーホール
2024-12-11 17:22:29 [INFO]: Processing event 23 of 28...
2024-12-11 17:22:29 [INFO]: Event Title: 『寺尾紗穂「しゅー・しゃいん」ツアー広島公演 〜STEREO RECORDS 20th ＆ NORENMUZIC 10th anniversary〜』
2024-12-11 17:22:29 [INFO]: Venue: 広島県　広島クラブクアトロ
2024-12-11 17:22:29 [INFO]: Extracted event link: https://kakubarhythm.com/live/post/12967
2024-12-11 17:22:29 [INFO]: Skipping event at venue: 広島県　広島クラブクアトロ
2024-12-11 17:22:29 [INFO]: Processing event 24 of 28...
2024-12-11 17:22:29 [INFO]: Event Title: 『キセル演奏会〈丘〉』
2024-12-11 17:22:29 [INFO]: Venue: 大分県　大分市美術館 企画展示室（大分県大分市上野865）
2024-12-11 17:22:29 [INFO]: Extracted event link: https://kakubarhythm.com/live/post/12983
2024-12-11 17:22:29 [INFO]: Skipping event at venue: 大分県　大分市美術館 企画展示室（大分県大分市上野865）
2024-12-11 17:22:29 [INFO]: Processing event 25 of 28...
2024-12-11 17:22:29 [INFO]: Event Title: 『キセル演奏会〈山〉』
2024-12-11 17:22:29 [INFO]: Venue: 大分県　温泉保養集落　束ノ間（大分県湯布院町川上444-3）
2024-12-11 17:22:29 [INFO]: Extracted event link: https://kakubarhythm.com/live/post/13021
2024-12-11 17:22:29 [INFO]: Skipping event at venue: 大分県　温泉保養集落　束ノ間（大分県湯布院町川上444-3）
2024-12-11 17:22:29 [INFO]: Processing event 26 of 28...
2024-12-11 17:22:29 [INFO]: Event Title: 『SMA50th Anniversary×ライブナタリー “橋本絵莉子×スカート”』
2024-12-11 17:22:29 [INFO]: Venue: 東京都　東京キネマ倶楽部
2024-12-11 17:22:29 [INFO]: Extracted event link: https://kakubarhythm.com/live/post/12912
2024-12-11 17:22:29 [INFO]: Skipping event at venue: 東京都　東京キネマ倶楽部
2024-12-11 17:22:29 [INFO]: Processing event 27 of 28...
2024-12-11 17:22:29 [INFO]: Event Title: 『ファンファン生誕祭 おかげさまで40!!!!』
2024-12-11 17:22:29 [INFO]: Venue: 京都府　磔磔
2024-12-11 17:22:29 [INFO]: Extracted event link: https://kakubarhythm.com/live/post/12484
2024-12-11 17:22:29 [INFO]: Navigating to event detail page: https://kakubarhythm.com/live/post/12484
2024-12-11 17:22:33 [INFO]: Ticket info: Comingsoon...
2024-12-11 17:22:33 [WARN]: Free status indeterminate for event: 『ファンファン生誕祭 おかげさまで40!!!!』
2024-12-11 17:22:33 [WARN]: Invalid time format: Comingsoon... for event: 『ファンファン生誕祭 おかげさまで40!!!!』
2024-12-11 17:22:33 [INFO]: Extracted structured event data: {"title":"『ファンファン生誕祭 おかげさまで40!!!!』","date_start":"2025-02-15","date_end":"2025-02-15","time_start":null,"time_end":null,"venue":"京都府　磔磔","organization":"Kakubarhythm","image_url":"https://oyat.jp/wp/wp-content/uploads/2024/06/s__247414795-615x1024.jpg","schedule":[{"date":"2025-02-15","time_start":null,"time_end":null,"special_notes":null}],"prices":[],"description":"OPEN / START\n\nComingsoon...\n\nTICKET\n\nComingsoon...\n\nLIVE\n\n思い出野郎Aチーム\n小山田壮平(band)\nドクロズ\n伊藤せい子(夕凪)\nTOMOVSKY\nO.A. かわしまバンド\n\nDJ\n\nComingsoon...\n\n\n配信予定あり!!!!!\nその他詳細は後日お知らせいたします","event_link":"https://kakubarhythm.com/live/post/12484","raw_price_text":"Comingsoon...","categories":["Live Event"],"tags":["Music","Concert"],"ended":false,"free":false,"site":"kakubarhythm"}
2024-12-11 17:22:33 [INFO]: Processing event 28 of 28...
2024-12-11 17:22:33 [INFO]: Event Title: 『CHOICE 55』
2024-12-11 17:22:33 [INFO]: Venue: 東京都　Zepp Shinjuku (TOKYO)
2024-12-11 17:22:33 [INFO]: Extracted event link: https://kakubarhythm.com/live/post/12981
2024-12-11 17:22:33 [INFO]: Skipping event at venue: 東京都　Zepp Shinjuku (TOKYO)
2024-12-11 17:22:33 [INFO]: Final event data extraction complete.
2024-12-11 17:22:34 [INFO]: Browser closed.
2024-12-11 17:26:30 [INFO]: Created directory: /Users/liban/Documents/kyoture/public/images/events/kakubarhythm
2024-12-11 17:26:33 [INFO]: Browser launched.
2024-12-11 17:26:33 [INFO]: New page opened.
2024-12-11 17:26:33 [INFO]: Navigating to Kakubarhythm live events page...
2024-12-11 17:26:35 [INFO]: Page loaded.
2024-12-11 17:26:35 [INFO]: Found 28 event items.
2024-12-11 17:26:35 [INFO]: Processing event 1 of 28...
2024-12-11 17:26:35 [INFO]: Event Title: 『Eupholks "hua" LP Release Show 』
2024-12-11 17:26:36 [INFO]: Venue: 東京都　西永福JAM
2024-12-11 17:26:36 [INFO]: Extracted event link: https://kakubarhythm.com/live/post/12867
2024-12-11 17:26:36 [INFO]: Skipping event at venue: 東京都　西永福JAM
2024-12-11 17:26:36 [INFO]: Processing event 2 of 28...
2024-12-11 17:26:36 [INFO]: Event Title: 『CONCERT “Neon God”』
2024-12-11 17:26:36 [INFO]: Venue: 東京都　渋谷WWW
2024-12-11 17:26:36 [INFO]: Extracted event link: https://kakubarhythm.com/live/post/12846
2024-12-11 17:26:36 [INFO]: Skipping event at venue: 東京都　渋谷WWW
2024-12-11 17:26:36 [INFO]: Processing event 3 of 28...
2024-12-11 17:26:36 [INFO]: Event Title: 『片想いワンマンライブ 「からまるもお」』
2024-12-11 17:26:36 [INFO]: Venue: 東京都　ダンスホール新世紀
2024-12-11 17:26:36 [INFO]: Extracted event link: https://kakubarhythm.com/live/post/12715
2024-12-11 17:26:36 [INFO]: Skipping event at venue: 東京都　ダンスホール新世紀
2024-12-11 17:26:36 [INFO]: Processing event 4 of 28...
2024-12-11 17:26:36 [INFO]: Event Title: 『あうん堂20周年記念スペシャルライブ 第一夜』
2024-12-11 17:26:36 [INFO]: Venue: 石川県　金沢・もっきりや
2024-12-11 17:26:36 [INFO]: Extracted event link: https://kakubarhythm.com/live/post/12988
2024-12-11 17:26:36 [INFO]: Skipping event at venue: 石川県　金沢・もっきりや
2024-12-11 17:26:36 [INFO]: Processing event 5 of 28...
2024-12-11 17:26:36 [INFO]: Event Title: 『【京都公演】Homecomings oneman live “angel near you”』
2024-12-11 17:26:36 [INFO]: Venue: 京都府　京都 MUSE
2024-12-11 17:26:36 [INFO]: Extracted event link: https://kakubarhythm.com/live/post/12780
2024-12-11 17:26:36 [INFO]: Navigating to event detail page: https://kakubarhythm.com/live/post/12780
2024-12-11 17:26:40 [INFO]: Ticket info: STANDING ¥5,000
学割STANDING ¥3,500

Homecomingsオフィシャル4次先行予約受付（全国）
https://w.pia.jp/t/homecomings-angelnearyou/
期間：9/14(土)14:00〜9/23(月祝)23:59
2024-12-11 17:26:40 [INFO]: Downloading image: https://kakubarhythm.com/wordpress/wp-content/uploads/2024/10/mainvisual_pc_20241031.jpg
2024-12-11 17:26:40 [WARN]: Retrying download for image: https://kakubarhythm.com/wordpress/wp-content/uploads/2024/10/mainvisual_pc_20241031.jpg. Attempts left: 3
2024-12-11 17:26:41 [INFO]: Downloading image: https://kakubarhythm.com/wordpress/wp-content/uploads/2024/10/mainvisual_pc_20241031.jpg
2024-12-11 17:26:41 [WARN]: Retrying download for image: https://kakubarhythm.com/wordpress/wp-content/uploads/2024/10/mainvisual_pc_20241031.jpg. Attempts left: 2
2024-12-11 17:26:42 [INFO]: Downloading image: https://kakubarhythm.com/wordpress/wp-content/uploads/2024/10/mainvisual_pc_20241031.jpg
2024-12-11 17:26:42 [WARN]: Retrying download for image: https://kakubarhythm.com/wordpress/wp-content/uploads/2024/10/mainvisual_pc_20241031.jpg. Attempts left: 1
2024-12-11 17:26:43 [INFO]: Downloading image: https://kakubarhythm.com/wordpress/wp-content/uploads/2024/10/mainvisual_pc_20241031.jpg
2024-12-11 17:26:43 [ERROR]: Failed to download image after retries: https://kakubarhythm.com/wordpress/wp-content/uploads/2024/10/mainvisual_pc_20241031.jpg. Error: path is not defined
2024-12-11 17:26:43 [INFO]: Extracted structured event data: {"title":"『【京都公演】Homecomings oneman live “angel near you”』","date_start":"2024-12-20","date_end":"2024-12-20","time_start":"18:30","time_end":"19:30","venue":"京都府　京都 MUSE","organization":"Kakubarhythm","image_url":"/images/events/placeholder.jpg","schedule":[{"date":"2024-12-20","time_start":"18:30","time_end":"19:30","special_notes":null}],"prices":[{"price_tier":"STANDING","amount":"5000","currency":"JPY","discount_info":null},{"price_tier":"学割STANDING","amount":"3500","currency":"JPY","discount_info":null}],"description":"OPEN / START\n\n18:30 / 19:30\n\nTICKET\n\nSTANDING ¥5,000\n学割STANDING ¥3,500\n\nHomecomingsオフィシャル4次先行予約受付（全国）\nhttps://w.pia.jp/t/homecomings-angelnearyou/\n期間：9/14(土)14:00〜9/23(月祝)23:59\n\nLIVE\n\nHomecomings (ONE-MAN LIVE)","event_link":"https://kakubarhythm.com/live/post/12780","raw_price_text":"STANDING ¥5,000\n学割STANDING ¥3,500\n\nHomecomingsオフィシャル4次先行予約受付（全国）\nhttps://w.pia.jp/t/homecomings-angelnearyou/\n期間：9/14(土)14:00〜9/23(月祝)23:59","categories":["Live Event"],"tags":["Music","Concert"],"ended":false,"free":false,"site":"kakubarhythm"}
2024-12-11 17:26:43 [INFO]: Processing event 6 of 28...
2024-12-11 17:26:43 [INFO]: Event Title: 『【名古屋公演】Homecomings oneman live "angel near you"』
2024-12-11 17:26:43 [INFO]: Venue: 愛知県　NAGOYA JAMMIN’
2024-12-11 17:26:43 [INFO]: Extracted event link: https://kakubarhythm.com/live/post/12544
2024-12-11 17:26:43 [INFO]: Skipping event at venue: 愛知県　NAGOYA JAMMIN’
2024-12-11 17:26:43 [INFO]: Processing event 7 of 28...
2024-12-11 17:26:43 [INFO]: Event Title: 『あうん堂20周年記念スペシャルライブ 第二夜』
2024-12-11 17:26:43 [INFO]: Venue: 石川県　金沢・もっきりや
2024-12-11 17:26:43 [INFO]: Extracted event link: https://kakubarhythm.com/live/post/12989
2024-12-11 17:26:43 [INFO]: Skipping event at venue: 石川県　金沢・もっきりや
2024-12-11 17:26:43 [INFO]: Processing event 8 of 28...
2024-12-11 17:26:43 [INFO]: Event Title: 『PLAY VOL.161』
2024-12-11 17:26:43 [INFO]: Venue: 東京都　渋谷La.mama
2024-12-11 17:26:43 [INFO]: Extracted event link: https://kakubarhythm.com/live/post/12937
2024-12-11 17:26:43 [INFO]: Skipping event at venue: 東京都　渋谷La.mama
2024-12-11 17:26:43 [INFO]: Processing event 9 of 28...
2024-12-11 17:26:43 [INFO]: Event Title: 『キセル結成25周年ツアー 〜ぐるりと回ってまた始めから〜 東京公演』
2024-12-11 17:26:43 [INFO]: Venue: 東京都　渋谷区文化総合センター大和田さくらホール
2024-12-11 17:26:43 [INFO]: Extracted event link: https://kakubarhythm.com/live/post/12514
2024-12-11 17:26:43 [INFO]: Skipping event at venue: 東京都　渋谷区文化総合センター大和田さくらホール
2024-12-11 17:26:43 [INFO]: Processing event 10 of 28...
2024-12-11 17:26:43 [INFO]: Event Title: 『【大阪公演】Homecomings oneman live "angel near you" ※SOLD OUT』
2024-12-11 17:26:43 [INFO]: Venue: 大阪府　梅田 Shangri-La
2024-12-11 17:26:43 [INFO]: Extracted event link: https://kakubarhythm.com/live/post/12532
2024-12-11 17:26:43 [INFO]: Skipping event at venue: 大阪府　梅田 Shangri-La
2024-12-11 17:26:43 [INFO]: Processing event 11 of 28...
2024-12-11 17:26:43 [INFO]: Event Title: 『【東京公演】Homecomings oneman live “angel near you”』
2024-12-11 17:26:43 [INFO]: Venue: 東京都　Zepp Shinjuku (TOKYO)
2024-12-11 17:26:43 [INFO]: Extracted event link: https://kakubarhythm.com/live/post/12533
2024-12-11 17:26:43 [INFO]: Skipping event at venue: 東京都　Zepp Shinjuku (TOKYO)
2024-12-11 17:26:43 [INFO]: Processing event 12 of 28...
2024-12-11 17:26:43 [INFO]: Event Title: 『【箱舟旅行 第34回】LAUSBUB × シャッポ』
2024-12-11 17:26:43 [INFO]: Venue: 東京都　代官山 晴れたら空に豆まいて
2024-12-11 17:26:43 [INFO]: Extracted event link: https://kakubarhythm.com/live/post/12838
2024-12-11 17:26:43 [INFO]: Skipping event at venue: 東京都　代官山 晴れたら空に豆まいて
2024-12-11 17:26:43 [INFO]: Processing event 13 of 28...
2024-12-11 17:26:43 [INFO]: Event Title: 『440(four forty) × タデクイ presents シャッポ × タデクイ』
2024-12-11 17:26:43 [INFO]: Venue: 東京都　下北沢440
2024-12-11 17:26:43 [INFO]: Extracted event link: https://kakubarhythm.com/live/post/12837
2024-12-11 17:26:43 [INFO]: Skipping event at venue: 東京都　下北沢440
2024-12-11 17:26:43 [INFO]: Processing event 14 of 28...
2024-12-11 17:26:43 [INFO]: Event Title: 『Ginger Root SHINBANGUMI JAPAN TOUR 2025』
2024-12-11 17:26:43 [INFO]: Venue: 愛知県　Zepp Nagoya
2024-12-11 17:26:43 [INFO]: Extracted event link: https://kakubarhythm.com/live/post/12977
2024-12-11 17:26:43 [INFO]: Skipping event at venue: 愛知県　Zepp Nagoya
2024-12-11 17:26:43 [INFO]: Processing event 15 of 28...
2024-12-11 17:26:43 [INFO]: Event Title: 『【金沢公演】Homecomings oneman live “angel near you”』
2024-12-11 17:26:43 [INFO]: Venue: 石川県　金沢 vanvan V4
2024-12-11 17:26:43 [INFO]: Extracted event link: https://kakubarhythm.com/live/post/12787
2024-12-11 17:26:43 [INFO]: Skipping event at venue: 石川県　金沢 vanvan V4
2024-12-11 17:26:43 [INFO]: Processing event 16 of 28...
2024-12-11 17:26:43 [INFO]: Event Title: 『SOUL FLOWER MONONOKE SUMMIT "つづら折りの宴〜あれから30年"』
2024-12-11 17:26:43 [INFO]: Venue: 京都府　磔磔
2024-12-11 17:26:43 [INFO]: Extracted event link: https://kakubarhythm.com/live/post/12911
2024-12-11 17:26:43 [INFO]: Navigating to event detail page: https://kakubarhythm.com/live/post/12911
2024-12-11 17:26:47 [INFO]: Ticket info: 前売5,500円 / 当日6,000円

【取り扱い】
※磔磔 店頭販売：10/27(日)15:00〜
※イープラス一般発売：11/16(土)10:00〜
販売URL：https://eplus.jp/sf/detail/4209680001-P0030001

※入場順：磔磔店頭＆イープラス先行(並列入場) → イープラス一般
2024-12-11 17:26:47 [INFO]: Downloading image: https://kakubarhythm.com/wordpress/wp-content/uploads/2024/10/mainvisual_pc_20241031.jpg
2024-12-11 17:26:47 [WARN]: Retrying download for image: https://kakubarhythm.com/wordpress/wp-content/uploads/2024/10/mainvisual_pc_20241031.jpg. Attempts left: 3
2024-12-11 17:26:48 [INFO]: Downloading image: https://kakubarhythm.com/wordpress/wp-content/uploads/2024/10/mainvisual_pc_20241031.jpg
2024-12-11 17:26:48 [WARN]: Retrying download for image: https://kakubarhythm.com/wordpress/wp-content/uploads/2024/10/mainvisual_pc_20241031.jpg. Attempts left: 2
2024-12-11 17:26:49 [INFO]: Downloading image: https://kakubarhythm.com/wordpress/wp-content/uploads/2024/10/mainvisual_pc_20241031.jpg
2024-12-11 17:26:49 [WARN]: Retrying download for image: https://kakubarhythm.com/wordpress/wp-content/uploads/2024/10/mainvisual_pc_20241031.jpg. Attempts left: 1
2024-12-11 17:26:50 [INFO]: Downloading image: https://kakubarhythm.com/wordpress/wp-content/uploads/2024/10/mainvisual_pc_20241031.jpg
2024-12-11 17:26:50 [ERROR]: Failed to download image after retries: https://kakubarhythm.com/wordpress/wp-content/uploads/2024/10/mainvisual_pc_20241031.jpg. Error: path is not defined
2024-12-11 17:26:50 [INFO]: Extracted structured event data: {"title":"『SOUL FLOWER MONONOKE SUMMIT \"つづら折りの宴〜あれから30年\"』","date_start":"2025-01-19","date_end":"2025-01-19","time_start":"17:00","time_end":"18:00","venue":"京都府　磔磔","organization":"Kakubarhythm","image_url":"/images/events/placeholder.jpg","schedule":[{"date":"2025-01-19","time_start":"17:00","time_end":"18:00","special_notes":null}],"prices":[{"price_tier":"前売","amount":"5500","currency":"JPY","discount_info":null}],"description":"OPEN / START\n\n17:00 / 18:00\n\nTICKET\n\n前売5,500円 / 当日6,000円\n\n【取り扱い】\n※磔磔 店頭販売：10/27(日)15:00〜\n※イープラス一般発売：11/16(土)10:00〜\n販売URL：https://eplus.jp/sf/detail/4209680001-P0030001\n\n※入場順：磔磔店頭＆イープラス先行(並列入場) → イープラス一般\n\nLIVE\n\nソウル・フラワー・モノノケ・サミット\nゲスト：二階堂和美\n\nINFO\n\n磔磔　075-351-1321\n京都市下京区富小路仏光寺下ル筋屋町136-9","event_link":"https://kakubarhythm.com/live/post/12911","raw_price_text":"前売5,500円 / 当日6,000円\n\n【取り扱い】\n※磔磔 店頭販売：10/27(日)15:00〜\n※イープラス一般発売：11/16(土)10:00〜\n販売URL：https://eplus.jp/sf/detail/4209680001-P0030001\n\n※入場順：磔磔店頭＆イープラス先行(並列入場) → イープラス一般","categories":["Live Event"],"tags":["Music","Concert"],"ended":false,"free":false,"site":"kakubarhythm"}
2024-12-11 17:26:50 [INFO]: Processing event 17 of 28...
2024-12-11 17:26:50 [INFO]: Event Title: 『【香川公演】Homecomings oneman live “angel near you”』
2024-12-11 17:26:50 [INFO]: Venue: 香川県　高松TOONICE
2024-12-11 17:26:50 [INFO]: Extracted event link: https://kakubarhythm.com/live/post/12790
2024-12-11 17:26:50 [INFO]: Skipping event at venue: 香川県　高松TOONICE
2024-12-11 17:26:50 [INFO]: Processing event 18 of 28...
2024-12-11 17:26:50 [INFO]: Event Title: 『【福岡公演】Homecomings oneman live “angel near you”』
2024-12-11 17:26:50 [INFO]: Venue: 福岡県　the voodoo lounge
2024-12-11 17:26:50 [INFO]: Extracted event link: https://kakubarhythm.com/live/post/12785
2024-12-11 17:26:50 [INFO]: Skipping event at venue: 福岡県　the voodoo lounge
2024-12-11 17:26:50 [INFO]: Processing event 19 of 28...
2024-12-11 17:26:50 [INFO]: Event Title: 『わわわわわ音楽祭2025』
2024-12-11 17:26:50 [INFO]: Venue: 大阪府　味園ユニバース
2024-12-11 17:26:50 [INFO]: Extracted event link: https://kakubarhythm.com/live/post/12926
2024-12-11 17:26:50 [INFO]: Skipping event at venue: 大阪府　味園ユニバース
2024-12-11 17:26:50 [INFO]: Processing event 20 of 28...
2024-12-11 17:26:50 [INFO]: Event Title: 『【仙台公演】Homecomings oneman live “angel near you”』
2024-12-11 17:26:50 [INFO]: Venue: 宮城県　仙台 enn 2nd
2024-12-11 17:26:50 [INFO]: Extracted event link: https://kakubarhythm.com/live/post/12788
2024-12-11 17:26:50 [INFO]: Skipping event at venue: 宮城県　仙台 enn 2nd
2024-12-11 17:26:50 [INFO]: Processing event 21 of 28...
2024-12-11 17:26:50 [INFO]: Event Title: 『ROCK or LIVE！- ロックお笑い部 - Vol.4』
2024-12-11 17:26:50 [INFO]: Venue: 大阪府　GORILLA HALL OSAKA
2024-12-11 17:26:50 [INFO]: Extracted event link: https://kakubarhythm.com/live/post/12902
2024-12-11 17:26:50 [INFO]: Skipping event at venue: 大阪府　GORILLA HALL OSAKA
2024-12-11 17:26:50 [INFO]: Processing event 22 of 28...
2024-12-11 17:26:50 [INFO]: Event Title: 『【札幌公演】Homecomings oneman live “angel near you”』
2024-12-11 17:26:50 [INFO]: Venue: 北海道　札幌 ベッシーホール
2024-12-11 17:26:50 [INFO]: Extracted event link: https://kakubarhythm.com/live/post/12784
2024-12-11 17:26:50 [INFO]: Skipping event at venue: 北海道　札幌 ベッシーホール
2024-12-11 17:26:50 [INFO]: Processing event 23 of 28...
2024-12-11 17:26:50 [INFO]: Event Title: 『寺尾紗穂「しゅー・しゃいん」ツアー広島公演 〜STEREO RECORDS 20th ＆ NORENMUZIC 10th anniversary〜』
2024-12-11 17:26:50 [INFO]: Venue: 広島県　広島クラブクアトロ
2024-12-11 17:26:50 [INFO]: Extracted event link: https://kakubarhythm.com/live/post/12967
2024-12-11 17:26:50 [INFO]: Skipping event at venue: 広島県　広島クラブクアトロ
2024-12-11 17:26:50 [INFO]: Processing event 24 of 28...
2024-12-11 17:26:50 [INFO]: Event Title: 『キセル演奏会〈丘〉』
2024-12-11 17:26:50 [INFO]: Venue: 大分県　大分市美術館 企画展示室（大分県大分市上野865）
2024-12-11 17:26:50 [INFO]: Extracted event link: https://kakubarhythm.com/live/post/12983
2024-12-11 17:26:50 [INFO]: Skipping event at venue: 大分県　大分市美術館 企画展示室（大分県大分市上野865）
2024-12-11 17:26:50 [INFO]: Processing event 25 of 28...
2024-12-11 17:26:50 [INFO]: Event Title: 『キセル演奏会〈山〉』
2024-12-11 17:26:50 [INFO]: Venue: 大分県　温泉保養集落　束ノ間（大分県湯布院町川上444-3）
2024-12-11 17:26:50 [INFO]: Extracted event link: https://kakubarhythm.com/live/post/13021
2024-12-11 17:26:50 [INFO]: Skipping event at venue: 大分県　温泉保養集落　束ノ間（大分県湯布院町川上444-3）
2024-12-11 17:26:50 [INFO]: Processing event 26 of 28...
2024-12-11 17:26:50 [INFO]: Event Title: 『SMA50th Anniversary×ライブナタリー “橋本絵莉子×スカート”』
2024-12-11 17:26:50 [INFO]: Venue: 東京都　東京キネマ倶楽部
2024-12-11 17:26:50 [INFO]: Extracted event link: https://kakubarhythm.com/live/post/12912
2024-12-11 17:26:50 [INFO]: Skipping event at venue: 東京都　東京キネマ倶楽部
2024-12-11 17:26:50 [INFO]: Processing event 27 of 28...
2024-12-11 17:26:50 [INFO]: Event Title: 『ファンファン生誕祭 おかげさまで40!!!!』
2024-12-11 17:26:50 [INFO]: Venue: 京都府　磔磔
2024-12-11 17:26:50 [INFO]: Extracted event link: https://kakubarhythm.com/live/post/12484
2024-12-11 17:26:50 [INFO]: Navigating to event detail page: https://kakubarhythm.com/live/post/12484
2024-12-11 17:26:54 [INFO]: Ticket info: Comingsoon...
2024-12-11 17:26:54 [WARN]: Free status indeterminate for event: 『ファンファン生誕祭 おかげさまで40!!!!』
2024-12-11 17:26:54 [WARN]: Invalid time format: Comingsoon... for event: 『ファンファン生誕祭 おかげさまで40!!!!』
2024-12-11 17:26:54 [INFO]: Downloading image: https://oyat.jp/wp/wp-content/uploads/2024/06/s__247414795-615x1024.jpg
2024-12-11 17:26:54 [WARN]: Retrying download for image: https://oyat.jp/wp/wp-content/uploads/2024/06/s__247414795-615x1024.jpg. Attempts left: 3
2024-12-11 17:26:55 [INFO]: Downloading image: https://oyat.jp/wp/wp-content/uploads/2024/06/s__247414795-615x1024.jpg
2024-12-11 17:26:55 [WARN]: Retrying download for image: https://oyat.jp/wp/wp-content/uploads/2024/06/s__247414795-615x1024.jpg. Attempts left: 2
2024-12-11 17:26:56 [INFO]: Downloading image: https://oyat.jp/wp/wp-content/uploads/2024/06/s__247414795-615x1024.jpg
2024-12-11 17:26:56 [WARN]: Retrying download for image: https://oyat.jp/wp/wp-content/uploads/2024/06/s__247414795-615x1024.jpg. Attempts left: 1
2024-12-11 17:26:57 [INFO]: Downloading image: https://oyat.jp/wp/wp-content/uploads/2024/06/s__247414795-615x1024.jpg
2024-12-11 17:26:57 [ERROR]: Failed to download image after retries: https://oyat.jp/wp/wp-content/uploads/2024/06/s__247414795-615x1024.jpg. Error: path is not defined
2024-12-11 17:26:57 [INFO]: Extracted structured event data: {"title":"『ファンファン生誕祭 おかげさまで40!!!!』","date_start":"2025-02-15","date_end":"2025-02-15","time_start":null,"time_end":null,"venue":"京都府　磔磔","organization":"Kakubarhythm","image_url":"/images/events/placeholder.jpg","schedule":[{"date":"2025-02-15","time_start":null,"time_end":null,"special_notes":null}],"prices":[],"description":"OPEN / START\n\nComingsoon...\n\nTICKET\n\nComingsoon...\n\nLIVE\n\n思い出野郎Aチーム\n小山田壮平(band)\nドクロズ\n伊藤せい子(夕凪)\nTOMOVSKY\nO.A. かわしまバンド\n\nDJ\n\nComingsoon...\n\n\n配信予定あり!!!!!\nその他詳細は後日お知らせいたします","event_link":"https://kakubarhythm.com/live/post/12484","raw_price_text":"Comingsoon...","categories":["Live Event"],"tags":["Music","Concert"],"ended":false,"free":false,"site":"kakubarhythm"}
2024-12-11 17:26:57 [INFO]: Processing event 28 of 28...
2024-12-11 17:26:57 [INFO]: Event Title: 『CHOICE 55』
2024-12-11 17:26:57 [INFO]: Venue: 東京都　Zepp Shinjuku (TOKYO)
2024-12-11 17:26:57 [INFO]: Extracted event link: https://kakubarhythm.com/live/post/12981
2024-12-11 17:26:57 [INFO]: Skipping event at venue: 東京都　Zepp Shinjuku (TOKYO)
2024-12-11 17:26:57 [INFO]: Final event data extraction complete.
2024-12-11 17:26:57 [INFO]: Browser closed.
2024-12-11 17:32:53 [INFO]: Directory already exists: /Users/liban/Documents/kyoture/public/images/events/kakubarhythm
2024-12-11 17:32:56 [INFO]: Browser launched.
2024-12-11 17:32:56 [INFO]: New page opened.
2024-12-11 17:32:56 [INFO]: Navigating to Kakubarhythm live events page...
2024-12-11 17:32:59 [INFO]: Page loaded.
2024-12-11 17:32:59 [INFO]: Found 28 event items.
2024-12-11 17:32:59 [INFO]: Processing event 1 of 28...
2024-12-11 17:32:59 [INFO]: Event Title: 『Eupholks "hua" LP Release Show 』
2024-12-11 17:32:59 [INFO]: Venue: 東京都　西永福JAM
2024-12-11 17:32:59 [INFO]: Extracted event link: https://kakubarhythm.com/live/post/12867
2024-12-11 17:32:59 [INFO]: Skipping event at venue: 東京都　西永福JAM
2024-12-11 17:32:59 [INFO]: Processing event 2 of 28...
2024-12-11 17:32:59 [INFO]: Event Title: 『CONCERT “Neon God”』
2024-12-11 17:32:59 [INFO]: Venue: 東京都　渋谷WWW
2024-12-11 17:32:59 [INFO]: Extracted event link: https://kakubarhythm.com/live/post/12846
2024-12-11 17:32:59 [INFO]: Skipping event at venue: 東京都　渋谷WWW
2024-12-11 17:32:59 [INFO]: Processing event 3 of 28...
2024-12-11 17:32:59 [INFO]: Event Title: 『片想いワンマンライブ 「からまるもお」』
2024-12-11 17:32:59 [INFO]: Venue: 東京都　ダンスホール新世紀
2024-12-11 17:32:59 [INFO]: Extracted event link: https://kakubarhythm.com/live/post/12715
2024-12-11 17:32:59 [INFO]: Skipping event at venue: 東京都　ダンスホール新世紀
2024-12-11 17:32:59 [INFO]: Processing event 4 of 28...
2024-12-11 17:32:59 [INFO]: Event Title: 『あうん堂20周年記念スペシャルライブ 第一夜』
2024-12-11 17:32:59 [INFO]: Venue: 石川県　金沢・もっきりや
2024-12-11 17:32:59 [INFO]: Extracted event link: https://kakubarhythm.com/live/post/12988
2024-12-11 17:32:59 [INFO]: Skipping event at venue: 石川県　金沢・もっきりや
2024-12-11 17:32:59 [INFO]: Processing event 5 of 28...
2024-12-11 17:32:59 [INFO]: Event Title: 『【京都公演】Homecomings oneman live “angel near you”』
2024-12-11 17:32:59 [INFO]: Venue: 京都府　京都 MUSE
2024-12-11 17:32:59 [INFO]: Extracted event link: https://kakubarhythm.com/live/post/12780
2024-12-11 17:32:59 [INFO]: Navigating to event detail page: https://kakubarhythm.com/live/post/12780
2024-12-11 17:33:03 [INFO]: Ticket info: STANDING ¥5,000
学割STANDING ¥3,500

Homecomingsオフィシャル4次先行予約受付（全国）
https://w.pia.jp/t/homecomings-angelnearyou/
期間：9/14(土)14:00〜9/23(月祝)23:59
2024-12-11 17:33:03 [INFO]: Downloading image: https://kakubarhythm.com/wordpress/wp-content/uploads/2024/10/mainvisual_pc_20241031.jpg
2024-12-11 17:33:03 [WARN]: Retrying download for image: https://kakubarhythm.com/wordpress/wp-content/uploads/2024/10/mainvisual_pc_20241031.jpg. Attempts left: 3
2024-12-11 17:33:04 [INFO]: Downloading image: https://kakubarhythm.com/wordpress/wp-content/uploads/2024/10/mainvisual_pc_20241031.jpg
2024-12-11 17:33:04 [WARN]: Retrying download for image: https://kakubarhythm.com/wordpress/wp-content/uploads/2024/10/mainvisual_pc_20241031.jpg. Attempts left: 2
2024-12-11 17:33:05 [INFO]: Downloading image: https://kakubarhythm.com/wordpress/wp-content/uploads/2024/10/mainvisual_pc_20241031.jpg
2024-12-11 17:33:05 [WARN]: Retrying download for image: https://kakubarhythm.com/wordpress/wp-content/uploads/2024/10/mainvisual_pc_20241031.jpg. Attempts left: 1
2024-12-11 17:33:06 [INFO]: Downloading image: https://kakubarhythm.com/wordpress/wp-content/uploads/2024/10/mainvisual_pc_20241031.jpg
2024-12-11 17:33:06 [ERROR]: Failed to download image after retries: https://kakubarhythm.com/wordpress/wp-content/uploads/2024/10/mainvisual_pc_20241031.jpg. Error: path is not defined
2024-12-11 17:33:06 [INFO]: Extracted structured event data: {"title":"『【京都公演】Homecomings oneman live “angel near you”』","date_start":"2024-12-20","date_end":"2024-12-20","time_start":"18:30","time_end":"19:30","venue":"京都府　京都 MUSE","organization":"Kakubarhythm","image_url":"/images/events/kakubarhythm/placeholder.jpg","schedule":[{"date":"2024-12-20","time_start":"18:30","time_end":"19:30","special_notes":null}],"prices":[{"price_tier":"STANDING","amount":"5000","currency":"JPY","discount_info":null},{"price_tier":"学割STANDING","amount":"3500","currency":"JPY","discount_info":null}],"description":"OPEN / START\n\n18:30 / 19:30\n\nTICKET\n\nSTANDING ¥5,000\n学割STANDING ¥3,500\n\nHomecomingsオフィシャル4次先行予約受付（全国）\nhttps://w.pia.jp/t/homecomings-angelnearyou/\n期間：9/14(土)14:00〜9/23(月祝)23:59\n\nLIVE\n\nHomecomings (ONE-MAN LIVE)","event_link":"https://kakubarhythm.com/live/post/12780","raw_price_text":"STANDING ¥5,000\n学割STANDING ¥3,500\n\nHomecomingsオフィシャル4次先行予約受付（全国）\nhttps://w.pia.jp/t/homecomings-angelnearyou/\n期間：9/14(土)14:00〜9/23(月祝)23:59","categories":["Live Event"],"tags":["Music","Concert"],"ended":false,"free":false,"site":"kakubarhythm"}
2024-12-11 17:33:06 [INFO]: Processing event 6 of 28...
2024-12-11 17:33:06 [INFO]: Event Title: 『【名古屋公演】Homecomings oneman live "angel near you"』
2024-12-11 17:33:06 [INFO]: Venue: 愛知県　NAGOYA JAMMIN’
2024-12-11 17:33:06 [INFO]: Extracted event link: https://kakubarhythm.com/live/post/12544
2024-12-11 17:33:06 [INFO]: Skipping event at venue: 愛知県　NAGOYA JAMMIN’
2024-12-11 17:33:06 [INFO]: Processing event 7 of 28...
2024-12-11 17:33:06 [INFO]: Event Title: 『あうん堂20周年記念スペシャルライブ 第二夜』
2024-12-11 17:33:06 [INFO]: Venue: 石川県　金沢・もっきりや
2024-12-11 17:33:06 [INFO]: Extracted event link: https://kakubarhythm.com/live/post/12989
2024-12-11 17:33:06 [INFO]: Skipping event at venue: 石川県　金沢・もっきりや
2024-12-11 17:33:06 [INFO]: Processing event 8 of 28...
2024-12-11 17:33:06 [INFO]: Event Title: 『PLAY VOL.161』
2024-12-11 17:33:06 [INFO]: Venue: 東京都　渋谷La.mama
2024-12-11 17:33:06 [INFO]: Extracted event link: https://kakubarhythm.com/live/post/12937
2024-12-11 17:33:06 [INFO]: Skipping event at venue: 東京都　渋谷La.mama
2024-12-11 17:33:06 [INFO]: Processing event 9 of 28...
2024-12-11 17:33:06 [INFO]: Event Title: 『キセル結成25周年ツアー 〜ぐるりと回ってまた始めから〜 東京公演』
2024-12-11 17:33:06 [INFO]: Venue: 東京都　渋谷区文化総合センター大和田さくらホール
2024-12-11 17:33:06 [INFO]: Extracted event link: https://kakubarhythm.com/live/post/12514
2024-12-11 17:33:06 [INFO]: Skipping event at venue: 東京都　渋谷区文化総合センター大和田さくらホール
2024-12-11 17:33:06 [INFO]: Processing event 10 of 28...
2024-12-11 17:33:06 [INFO]: Event Title: 『【大阪公演】Homecomings oneman live "angel near you" ※SOLD OUT』
2024-12-11 17:33:06 [INFO]: Venue: 大阪府　梅田 Shangri-La
2024-12-11 17:33:06 [INFO]: Extracted event link: https://kakubarhythm.com/live/post/12532
2024-12-11 17:33:06 [INFO]: Skipping event at venue: 大阪府　梅田 Shangri-La
2024-12-11 17:33:06 [INFO]: Processing event 11 of 28...
2024-12-11 17:33:06 [INFO]: Event Title: 『【東京公演】Homecomings oneman live “angel near you”』
2024-12-11 17:33:06 [INFO]: Venue: 東京都　Zepp Shinjuku (TOKYO)
2024-12-11 17:33:06 [INFO]: Extracted event link: https://kakubarhythm.com/live/post/12533
2024-12-11 17:33:06 [INFO]: Skipping event at venue: 東京都　Zepp Shinjuku (TOKYO)
2024-12-11 17:33:06 [INFO]: Processing event 12 of 28...
2024-12-11 17:33:06 [INFO]: Event Title: 『【箱舟旅行 第34回】LAUSBUB × シャッポ』
2024-12-11 17:33:06 [INFO]: Venue: 東京都　代官山 晴れたら空に豆まいて
2024-12-11 17:33:06 [INFO]: Extracted event link: https://kakubarhythm.com/live/post/12838
2024-12-11 17:33:06 [INFO]: Skipping event at venue: 東京都　代官山 晴れたら空に豆まいて
2024-12-11 17:33:06 [INFO]: Processing event 13 of 28...
2024-12-11 17:33:06 [INFO]: Event Title: 『440(four forty) × タデクイ presents シャッポ × タデクイ』
2024-12-11 17:33:06 [INFO]: Venue: 東京都　下北沢440
2024-12-11 17:33:06 [INFO]: Extracted event link: https://kakubarhythm.com/live/post/12837
2024-12-11 17:33:06 [INFO]: Skipping event at venue: 東京都　下北沢440
2024-12-11 17:33:06 [INFO]: Processing event 14 of 28...
2024-12-11 17:33:06 [INFO]: Event Title: 『Ginger Root SHINBANGUMI JAPAN TOUR 2025』
2024-12-11 17:33:06 [INFO]: Venue: 愛知県　Zepp Nagoya
2024-12-11 17:33:06 [INFO]: Extracted event link: https://kakubarhythm.com/live/post/12977
2024-12-11 17:33:06 [INFO]: Skipping event at venue: 愛知県　Zepp Nagoya
2024-12-11 17:33:06 [INFO]: Processing event 15 of 28...
2024-12-11 17:33:06 [INFO]: Event Title: 『【金沢公演】Homecomings oneman live “angel near you”』
2024-12-11 17:33:06 [INFO]: Venue: 石川県　金沢 vanvan V4
2024-12-11 17:33:06 [INFO]: Extracted event link: https://kakubarhythm.com/live/post/12787
2024-12-11 17:33:06 [INFO]: Skipping event at venue: 石川県　金沢 vanvan V4
2024-12-11 17:33:06 [INFO]: Processing event 16 of 28...
2024-12-11 17:33:06 [INFO]: Event Title: 『SOUL FLOWER MONONOKE SUMMIT "つづら折りの宴〜あれから30年"』
2024-12-11 17:33:06 [INFO]: Venue: 京都府　磔磔
2024-12-11 17:33:06 [INFO]: Extracted event link: https://kakubarhythm.com/live/post/12911
2024-12-11 17:33:06 [INFO]: Navigating to event detail page: https://kakubarhythm.com/live/post/12911
2024-12-11 17:33:10 [INFO]: Ticket info: 前売5,500円 / 当日6,000円

【取り扱い】
※磔磔 店頭販売：10/27(日)15:00〜
※イープラス一般発売：11/16(土)10:00〜
販売URL：https://eplus.jp/sf/detail/4209680001-P0030001

※入場順：磔磔店頭＆イープラス先行(並列入場) → イープラス一般
2024-12-11 17:33:10 [INFO]: Downloading image: https://kakubarhythm.com/wordpress/wp-content/uploads/2024/10/mainvisual_pc_20241031.jpg
2024-12-11 17:33:10 [WARN]: Retrying download for image: https://kakubarhythm.com/wordpress/wp-content/uploads/2024/10/mainvisual_pc_20241031.jpg. Attempts left: 3
2024-12-11 17:33:11 [INFO]: Downloading image: https://kakubarhythm.com/wordpress/wp-content/uploads/2024/10/mainvisual_pc_20241031.jpg
2024-12-11 17:33:11 [WARN]: Retrying download for image: https://kakubarhythm.com/wordpress/wp-content/uploads/2024/10/mainvisual_pc_20241031.jpg. Attempts left: 2
2024-12-11 17:33:12 [INFO]: Downloading image: https://kakubarhythm.com/wordpress/wp-content/uploads/2024/10/mainvisual_pc_20241031.jpg
2024-12-11 17:33:12 [WARN]: Retrying download for image: https://kakubarhythm.com/wordpress/wp-content/uploads/2024/10/mainvisual_pc_20241031.jpg. Attempts left: 1
2024-12-11 17:33:13 [INFO]: Downloading image: https://kakubarhythm.com/wordpress/wp-content/uploads/2024/10/mainvisual_pc_20241031.jpg
2024-12-11 17:33:13 [ERROR]: Failed to download image after retries: https://kakubarhythm.com/wordpress/wp-content/uploads/2024/10/mainvisual_pc_20241031.jpg. Error: path is not defined
2024-12-11 17:33:13 [INFO]: Extracted structured event data: {"title":"『SOUL FLOWER MONONOKE SUMMIT \"つづら折りの宴〜あれから30年\"』","date_start":"2025-01-19","date_end":"2025-01-19","time_start":"17:00","time_end":"18:00","venue":"京都府　磔磔","organization":"Kakubarhythm","image_url":"/images/events/kakubarhythm/placeholder.jpg","schedule":[{"date":"2025-01-19","time_start":"17:00","time_end":"18:00","special_notes":null}],"prices":[{"price_tier":"前売","amount":"5500","currency":"JPY","discount_info":null}],"description":"OPEN / START\n\n17:00 / 18:00\n\nTICKET\n\n前売5,500円 / 当日6,000円\n\n【取り扱い】\n※磔磔 店頭販売：10/27(日)15:00〜\n※イープラス一般発売：11/16(土)10:00〜\n販売URL：https://eplus.jp/sf/detail/4209680001-P0030001\n\n※入場順：磔磔店頭＆イープラス先行(並列入場) → イープラス一般\n\nLIVE\n\nソウル・フラワー・モノノケ・サミット\nゲスト：二階堂和美\n\nINFO\n\n磔磔　075-351-1321\n京都市下京区富小路仏光寺下ル筋屋町136-9","event_link":"https://kakubarhythm.com/live/post/12911","raw_price_text":"前売5,500円 / 当日6,000円\n\n【取り扱い】\n※磔磔 店頭販売：10/27(日)15:00〜\n※イープラス一般発売：11/16(土)10:00〜\n販売URL：https://eplus.jp/sf/detail/4209680001-P0030001\n\n※入場順：磔磔店頭＆イープラス先行(並列入場) → イープラス一般","categories":["Live Event"],"tags":["Music","Concert"],"ended":false,"free":false,"site":"kakubarhythm"}
2024-12-11 17:33:13 [INFO]: Processing event 17 of 28...
2024-12-11 17:33:13 [INFO]: Event Title: 『【香川公演】Homecomings oneman live “angel near you”』
2024-12-11 17:33:13 [INFO]: Venue: 香川県　高松TOONICE
2024-12-11 17:33:13 [INFO]: Extracted event link: https://kakubarhythm.com/live/post/12790
2024-12-11 17:33:13 [INFO]: Skipping event at venue: 香川県　高松TOONICE
2024-12-11 17:33:13 [INFO]: Processing event 18 of 28...
2024-12-11 17:33:13 [INFO]: Event Title: 『【福岡公演】Homecomings oneman live “angel near you”』
2024-12-11 17:33:13 [INFO]: Venue: 福岡県　the voodoo lounge
2024-12-11 17:33:13 [INFO]: Extracted event link: https://kakubarhythm.com/live/post/12785
2024-12-11 17:33:13 [INFO]: Skipping event at venue: 福岡県　the voodoo lounge
2024-12-11 17:33:13 [INFO]: Processing event 19 of 28...
2024-12-11 17:33:13 [INFO]: Event Title: 『わわわわわ音楽祭2025』
2024-12-11 17:33:13 [INFO]: Venue: 大阪府　味園ユニバース
2024-12-11 17:33:13 [INFO]: Extracted event link: https://kakubarhythm.com/live/post/12926
2024-12-11 17:33:13 [INFO]: Skipping event at venue: 大阪府　味園ユニバース
2024-12-11 17:33:13 [INFO]: Processing event 20 of 28...
2024-12-11 17:33:13 [INFO]: Event Title: 『【仙台公演】Homecomings oneman live “angel near you”』
2024-12-11 17:33:13 [INFO]: Venue: 宮城県　仙台 enn 2nd
2024-12-11 17:33:13 [INFO]: Extracted event link: https://kakubarhythm.com/live/post/12788
2024-12-11 17:33:13 [INFO]: Skipping event at venue: 宮城県　仙台 enn 2nd
2024-12-11 17:33:13 [INFO]: Processing event 21 of 28...
2024-12-11 17:33:13 [INFO]: Event Title: 『ROCK or LIVE！- ロックお笑い部 - Vol.4』
2024-12-11 17:33:13 [INFO]: Venue: 大阪府　GORILLA HALL OSAKA
2024-12-11 17:33:13 [INFO]: Extracted event link: https://kakubarhythm.com/live/post/12902
2024-12-11 17:33:13 [INFO]: Skipping event at venue: 大阪府　GORILLA HALL OSAKA
2024-12-11 17:33:13 [INFO]: Processing event 22 of 28...
2024-12-11 17:33:13 [INFO]: Event Title: 『【札幌公演】Homecomings oneman live “angel near you”』
2024-12-11 17:33:13 [INFO]: Venue: 北海道　札幌 ベッシーホール
2024-12-11 17:33:13 [INFO]: Extracted event link: https://kakubarhythm.com/live/post/12784
2024-12-11 17:33:13 [INFO]: Skipping event at venue: 北海道　札幌 ベッシーホール
2024-12-11 17:33:13 [INFO]: Processing event 23 of 28...
2024-12-11 17:33:13 [INFO]: Event Title: 『寺尾紗穂「しゅー・しゃいん」ツアー広島公演 〜STEREO RECORDS 20th ＆ NORENMUZIC 10th anniversary〜』
2024-12-11 17:33:13 [INFO]: Venue: 広島県　広島クラブクアトロ
2024-12-11 17:33:13 [INFO]: Extracted event link: https://kakubarhythm.com/live/post/12967
2024-12-11 17:33:13 [INFO]: Skipping event at venue: 広島県　広島クラブクアトロ
2024-12-11 17:33:13 [INFO]: Processing event 24 of 28...
2024-12-11 17:33:13 [INFO]: Event Title: 『キセル演奏会〈丘〉』
2024-12-11 17:33:13 [INFO]: Venue: 大分県　大分市美術館 企画展示室（大分県大分市上野865）
2024-12-11 17:33:13 [INFO]: Extracted event link: https://kakubarhythm.com/live/post/12983
2024-12-11 17:33:13 [INFO]: Skipping event at venue: 大分県　大分市美術館 企画展示室（大分県大分市上野865）
2024-12-11 17:33:13 [INFO]: Processing event 25 of 28...
2024-12-11 17:33:13 [INFO]: Event Title: 『キセル演奏会〈山〉』
2024-12-11 17:33:13 [INFO]: Venue: 大分県　温泉保養集落　束ノ間（大分県湯布院町川上444-3）
2024-12-11 17:33:13 [INFO]: Extracted event link: https://kakubarhythm.com/live/post/13021
2024-12-11 17:33:13 [INFO]: Skipping event at venue: 大分県　温泉保養集落　束ノ間（大分県湯布院町川上444-3）
2024-12-11 17:33:13 [INFO]: Processing event 26 of 28...
2024-12-11 17:33:13 [INFO]: Event Title: 『SMA50th Anniversary×ライブナタリー “橋本絵莉子×スカート”』
2024-12-11 17:33:13 [INFO]: Venue: 東京都　東京キネマ倶楽部
2024-12-11 17:33:13 [INFO]: Extracted event link: https://kakubarhythm.com/live/post/12912
2024-12-11 17:33:13 [INFO]: Skipping event at venue: 東京都　東京キネマ倶楽部
2024-12-11 17:33:13 [INFO]: Processing event 27 of 28...
2024-12-11 17:33:13 [INFO]: Event Title: 『ファンファン生誕祭 おかげさまで40!!!!』
2024-12-11 17:33:13 [INFO]: Venue: 京都府　磔磔
2024-12-11 17:33:13 [INFO]: Extracted event link: https://kakubarhythm.com/live/post/12484
2024-12-11 17:33:13 [INFO]: Navigating to event detail page: https://kakubarhythm.com/live/post/12484
2024-12-11 17:33:17 [INFO]: Ticket info: Comingsoon...
2024-12-11 17:33:17 [WARN]: Free status indeterminate for event: 『ファンファン生誕祭 おかげさまで40!!!!』
2024-12-11 17:33:17 [WARN]: Invalid time format: Comingsoon... for event: 『ファンファン生誕祭 おかげさまで40!!!!』
2024-12-11 17:33:17 [INFO]: Downloading image: https://oyat.jp/wp/wp-content/uploads/2024/06/s__247414795-615x1024.jpg
2024-12-11 17:33:17 [WARN]: Retrying download for image: https://oyat.jp/wp/wp-content/uploads/2024/06/s__247414795-615x1024.jpg. Attempts left: 3
2024-12-11 17:33:18 [INFO]: Downloading image: https://oyat.jp/wp/wp-content/uploads/2024/06/s__247414795-615x1024.jpg
2024-12-11 17:33:18 [WARN]: Retrying download for image: https://oyat.jp/wp/wp-content/uploads/2024/06/s__247414795-615x1024.jpg. Attempts left: 2
2024-12-11 17:33:19 [INFO]: Downloading image: https://oyat.jp/wp/wp-content/uploads/2024/06/s__247414795-615x1024.jpg
2024-12-11 17:33:19 [WARN]: Retrying download for image: https://oyat.jp/wp/wp-content/uploads/2024/06/s__247414795-615x1024.jpg. Attempts left: 1
2024-12-11 17:33:20 [INFO]: Downloading image: https://oyat.jp/wp/wp-content/uploads/2024/06/s__247414795-615x1024.jpg
2024-12-11 17:33:20 [ERROR]: Failed to download image after retries: https://oyat.jp/wp/wp-content/uploads/2024/06/s__247414795-615x1024.jpg. Error: path is not defined
2024-12-11 17:33:20 [INFO]: Extracted structured event data: {"title":"『ファンファン生誕祭 おかげさまで40!!!!』","date_start":"2025-02-15","date_end":"2025-02-15","time_start":null,"time_end":null,"venue":"京都府　磔磔","organization":"Kakubarhythm","image_url":"/images/events/kakubarhythm/placeholder.jpg","schedule":[{"date":"2025-02-15","time_start":null,"time_end":null,"special_notes":null}],"prices":[],"description":"OPEN / START\n\nComingsoon...\n\nTICKET\n\nComingsoon...\n\nLIVE\n\n思い出野郎Aチーム\n小山田壮平(band)\nドクロズ\n伊藤せい子(夕凪)\nTOMOVSKY\nO.A. かわしまバンド\n\nDJ\n\nComingsoon...\n\n\n配信予定あり!!!!!\nその他詳細は後日お知らせいたします","event_link":"https://kakubarhythm.com/live/post/12484","raw_price_text":"Comingsoon...","categories":["Live Event"],"tags":["Music","Concert"],"ended":false,"free":false,"site":"kakubarhythm"}
2024-12-11 17:33:20 [INFO]: Processing event 28 of 28...
2024-12-11 17:33:20 [INFO]: Event Title: 『CHOICE 55』
2024-12-11 17:33:20 [INFO]: Venue: 東京都　Zepp Shinjuku (TOKYO)
2024-12-11 17:33:20 [INFO]: Extracted event link: https://kakubarhythm.com/live/post/12981
2024-12-11 17:33:20 [INFO]: Skipping event at venue: 東京都　Zepp Shinjuku (TOKYO)
2024-12-11 17:33:20 [INFO]: Final event data extraction complete.
2024-12-11 17:33:20 [INFO]: Browser closed.
