2024-11-23 08:23:54 [INFO]: Browser launched.
2024-11-23 08:23:55 [INFO]: New page opened.
2024-11-23 08:23:55 [INFO]: Navigating to Kyoto-Fanj schedule page...
2024-11-23 08:23:56 [INFO]: Page loaded.
2024-11-23 08:23:56 [INFO]: Found 12 event containers.
2024-11-23 08:23:56 [INFO]: Processing event 1 of 12...
2024-11-23 08:23:56 [WARN]: Missing left or right section for event 1. Skipping.
2024-11-23 08:23:56 [INFO]: Processing event 2 of 12...
2024-11-23 08:23:56 [WARN]: Missing left or right section for event 2. Skipping.
2024-11-23 08:23:56 [INFO]: Processing event 3 of 12...
2024-11-23 08:23:56 [WARN]: Essential information missing for event 3. Skipping.
2024-11-23 08:23:56 [INFO]: Processing event 4 of 12...
2024-11-23 08:23:57 [WARN]: Essential information missing for event 4. Skipping.
2024-11-23 08:23:57 [INFO]: Processing event 5 of 12...
2024-11-23 08:23:57 [WARN]: Essential information missing for event 5. Skipping.
2024-11-23 08:23:57 [INFO]: Processing event 6 of 12...
2024-11-23 08:23:57 [WARN]: Essential information missing for event 6. Skipping.
2024-11-23 08:23:57 [INFO]: Processing event 7 of 12...
2024-11-23 08:23:57 [WARN]: Essential information missing for event 7. Skipping.
2024-11-23 08:23:57 [INFO]: Processing event 8 of 12...
2024-11-23 08:23:57 [WARN]: Essential information missing for event 8. Skipping.
2024-11-23 08:23:57 [INFO]: Processing event 9 of 12...
2024-11-23 08:23:57 [WARN]: Essential information missing for event 9. Skipping.
2024-11-23 08:23:57 [INFO]: Processing event 10 of 12...
2024-11-23 08:23:57 [WARN]: Essential information missing for event 10. Skipping.
2024-11-23 08:23:57 [INFO]: Processing event 11 of 12...
2024-11-23 08:23:57 [WARN]: Missing left or right section for event 11. Skipping.
2024-11-23 08:23:57 [INFO]: Processing event 12 of 12...
2024-11-23 08:23:57 [WARN]: Essential information missing for event 12. Skipping.
2024-11-23 08:23:57 [INFO]: Final event data extraction complete.
2024-11-23 08:23:57 [INFO]: Browser closed.
2024-11-23 08:26:53 [INFO]: Browser launched.
2024-11-23 08:26:53 [INFO]: New page opened.
2024-11-23 08:26:53 [INFO]: Navigating to Kyoto-Fanj schedule page...
2024-11-23 08:26:54 [INFO]: Page loaded.
2024-11-23 08:26:54 [INFO]: Found 9 left sections.
2024-11-23 08:26:54 [INFO]: Processing event 1 of 9...
2024-11-23 08:26:54 [ERROR]: Error processing event 1: leftSection.$x is not a function
2024-11-23 08:26:54 [INFO]: Processing event 2 of 9...
2024-11-23 08:26:54 [ERROR]: Error processing event 2: leftSection.$x is not a function
2024-11-23 08:26:54 [INFO]: Processing event 3 of 9...
2024-11-23 08:26:54 [ERROR]: Error processing event 3: leftSection.$x is not a function
2024-11-23 08:26:54 [INFO]: Processing event 4 of 9...
2024-11-23 08:26:54 [ERROR]: Error processing event 4: leftSection.$x is not a function
2024-11-23 08:26:54 [INFO]: Processing event 5 of 9...
2024-11-23 08:26:54 [ERROR]: Error processing event 5: leftSection.$x is not a function
2024-11-23 08:26:54 [INFO]: Processing event 6 of 9...
2024-11-23 08:26:54 [ERROR]: Error processing event 6: leftSection.$x is not a function
2024-11-23 08:26:54 [INFO]: Processing event 7 of 9...
2024-11-23 08:26:54 [ERROR]: Error processing event 7: leftSection.$x is not a function
2024-11-23 08:26:54 [INFO]: Processing event 8 of 9...
2024-11-23 08:26:54 [ERROR]: Error processing event 8: leftSection.$x is not a function
2024-11-23 08:26:54 [INFO]: Processing event 9 of 9...
2024-11-23 08:26:54 [ERROR]: Error processing event 9: leftSection.$x is not a function
2024-11-23 08:26:54 [INFO]: Final event data extraction complete.
2024-11-23 08:26:54 [INFO]: Browser closed.
2024-11-23 08:27:54 [INFO]: Browser launched.
2024-11-23 08:27:55 [INFO]: New page opened.
2024-11-23 08:27:55 [INFO]: Navigating to Kyoto-Fanj schedule page...
2024-11-23 08:27:56 [INFO]: Page loaded.
2024-11-23 08:27:56 [INFO]: Found 12 event containers.
2024-11-23 08:27:56 [INFO]: Processing event 1 of 12...
2024-11-23 08:27:56 [WARN]: Missing left section for event 1. Skipping.
2024-11-23 08:27:56 [INFO]: Processing event 2 of 12...
2024-11-23 08:27:56 [WARN]: Missing left section for event 2. Skipping.
2024-11-23 08:27:56 [INFO]: Processing event 3 of 12...
2024-11-23 08:27:56 [INFO]: Extracted event: Plastic Tree  結成30周年“樹念” Autumn Tour2024「続・Plastic Tree」
2024-11-23 08:27:56 [INFO]: Processing event 4 of 12...
2024-11-23 08:27:56 [INFO]: Extracted event: Gold & Silver 3nd One Man LIVE ーSIGNALー
2024-11-23 08:27:56 [INFO]: Processing event 5 of 12...
2024-11-23 08:27:56 [INFO]: Extracted event: TRUE MUSIC CAMP Vol.1 ～TRUE vs 亜咲花～
2024-11-23 08:27:56 [INFO]: Processing event 6 of 12...
2024-11-23 08:27:56 [INFO]: Extracted event: サークルライチ主催 『サブカル』お試し編
2024-11-23 08:27:56 [INFO]: Processing event 7 of 12...
2024-11-23 08:27:56 [INFO]: Extracted event: マーキュロ主催　単独巡業 『超アブノーマル★(ヒカリ)倶楽部』京都編
2024-11-23 08:27:56 [INFO]: Processing event 8 of 12...
2024-11-23 08:27:56 [INFO]: Extracted event: 滋野誠 Shigeno Makoto Live 2024 ZERO
2024-11-23 08:27:56 [INFO]: Processing event 9 of 12...
2024-11-23 08:27:56 [INFO]: Extracted event: Verde Hybrid Tour 2024〝Wanderlust/〟
2024-11-23 08:27:56 [INFO]: Processing event 10 of 12...
2024-11-23 08:27:56 [INFO]: Extracted event: 9mm Parabellum Bullet 10th Album リリースツアー
2024-11-23 08:27:56 [INFO]: Processing event 11 of 12...
2024-11-23 08:27:56 [WARN]: Missing left section for event 11. Skipping.
2024-11-23 08:27:56 [INFO]: Processing event 12 of 12...
2024-11-23 08:27:57 [INFO]: Extracted event: LINDBERG Debut 35th Anniversary Tour「Thanx a Million☆Vol.2」
2024-11-23 08:27:57 [INFO]: Final event data extraction complete.
2024-11-23 08:27:57 [INFO]: Browser closed.
2024-11-23 08:30:01 [INFO]: Browser launched.
2024-11-23 08:30:01 [INFO]: New page opened.
2024-11-23 08:30:01 [INFO]: Navigating to Kyoto-Fanj schedule page...
2024-11-23 08:30:02 [INFO]: Page loaded.
2024-11-23 08:30:02 [INFO]: Found 12 event containers.
2024-11-23 08:30:02 [INFO]: Processing event 1 of 12...
2024-11-23 08:30:02 [WARN]: Missing left section for event 1. Skipping.
2024-11-23 08:30:02 [INFO]: Processing event 2 of 12...
2024-11-23 08:30:02 [WARN]: Missing left section for event 2. Skipping.
2024-11-23 08:30:02 [INFO]: Processing event 3 of 12...
2024-11-23 08:30:02 [INFO]: Extracted event: Plastic Tree  結成30周年“樹念” Autumn Tour2024「続・Plastic Tree」
2024-11-23 08:30:02 [INFO]: Processing event 4 of 12...
2024-11-23 08:30:02 [INFO]: Extracted event: Gold & Silver 3nd One Man LIVE ーSIGNALー
2024-11-23 08:30:02 [INFO]: Processing event 5 of 12...
2024-11-23 08:30:02 [INFO]: Extracted event: TRUE MUSIC CAMP Vol.1 ～TRUE vs 亜咲花～
2024-11-23 08:30:02 [INFO]: Processing event 6 of 12...
2024-11-23 08:30:02 [INFO]: Extracted event: サークルライチ主催 『サブカル』お試し編
2024-11-23 08:30:02 [INFO]: Processing event 7 of 12...
2024-11-23 08:30:02 [INFO]: Extracted event: マーキュロ主催　単独巡業 『超アブノーマル★(ヒカリ)倶楽部』京都編
2024-11-23 08:30:02 [INFO]: Processing event 8 of 12...
2024-11-23 08:30:02 [INFO]: Extracted event: 滋野誠 Shigeno Makoto Live 2024 ZERO
2024-11-23 08:30:02 [INFO]: Processing event 9 of 12...
2024-11-23 08:30:02 [INFO]: Extracted event: Verde Hybrid Tour 2024〝Wanderlust/〟
2024-11-23 08:30:02 [INFO]: Processing event 10 of 12...
2024-11-23 08:30:02 [INFO]: Extracted event: 9mm Parabellum Bullet 10th Album リリースツアー
2024-11-23 08:30:02 [INFO]: Processing event 11 of 12...
2024-11-23 08:30:02 [WARN]: Missing left section for event 11. Skipping.
2024-11-23 08:30:02 [INFO]: Processing event 12 of 12...
2024-11-23 08:30:02 [INFO]: Extracted event: LINDBERG Debut 35th Anniversary Tour「Thanx a Million☆Vol.2」
2024-11-23 08:30:02 [INFO]: Final event data extraction complete.
2024-11-23 08:30:03 [INFO]: Browser closed.
2024-11-23 08:33:07 [INFO]: Browser launched.
2024-11-23 08:33:07 [INFO]: New page opened.
2024-11-23 08:33:07 [INFO]: Navigating to Kyoto-Fanj schedule page...
2024-11-23 08:33:09 [INFO]: Page loaded.
2024-11-23 08:33:09 [INFO]: Found 12 event containers.
2024-11-23 08:33:09 [INFO]: Processing event 1 of 12...
2024-11-23 08:33:09 [WARN]: Missing left section for event 1. Skipping.
2024-11-23 08:33:09 [INFO]: Processing event 2 of 12...
2024-11-23 08:33:09 [WARN]: Missing left section for event 2. Skipping.
2024-11-23 08:33:09 [INFO]: Processing event 3 of 12...
2024-11-23 08:33:09 [INFO]: Extracted event: Plastic Tree  結成30周年“樹念” Autumn Tour2024「続・Plastic Tree」
2024-11-23 08:33:09 [INFO]: Processing event 4 of 12...
2024-11-23 08:33:09 [INFO]: Extracted event: Gold & Silver 3nd One Man LIVE ーSIGNALー
2024-11-23 08:33:09 [INFO]: Processing event 5 of 12...
2024-11-23 08:33:09 [INFO]: Extracted event: TRUE MUSIC CAMP Vol.1 ～TRUE vs 亜咲花～
2024-11-23 08:33:09 [INFO]: Processing event 6 of 12...
2024-11-23 08:33:09 [INFO]: Extracted event: サークルライチ主催 『サブカル』お試し編
2024-11-23 08:33:09 [INFO]: Processing event 7 of 12...
2024-11-23 08:33:09 [INFO]: Extracted event: マーキュロ主催　単独巡業 『超アブノーマル★(ヒカリ)倶楽部』京都編
2024-11-23 08:33:09 [INFO]: Processing event 8 of 12...
2024-11-23 08:33:09 [INFO]: Extracted event: 滋野誠 Shigeno Makoto Live 2024 ZERO
2024-11-23 08:33:09 [INFO]: Processing event 9 of 12...
2024-11-23 08:33:09 [INFO]: Extracted event: Verde Hybrid Tour 2024〝Wanderlust/〟
2024-11-23 08:33:09 [INFO]: Processing event 10 of 12...
2024-11-23 08:33:09 [INFO]: Extracted event: 9mm Parabellum Bullet 10th Album リリースツアー
2024-11-23 08:33:09 [INFO]: Processing event 11 of 12...
2024-11-23 08:33:09 [WARN]: Missing left section for event 11. Skipping.
2024-11-23 08:33:09 [INFO]: Processing event 12 of 12...
2024-11-23 08:33:09 [INFO]: Extracted event: LINDBERG Debut 35th Anniversary Tour「Thanx a Million☆Vol.2」
2024-11-23 08:33:09 [INFO]: Final event data extraction complete.
2024-11-23 08:33:09 [INFO]: Browser closed.
2024-11-23 08:48:14 [INFO]: Browser launched.
2024-11-23 08:48:14 [INFO]: New page opened.
2024-11-23 08:48:14 [INFO]: Navigating to Kyoto-Fanj schedule page...
2024-11-23 08:48:15 [INFO]: Page loaded.
2024-11-23 08:48:15 [INFO]: Found 12 event containers.
2024-11-23 08:48:15 [INFO]: Processing event 1 of 12...
2024-11-23 08:48:15 [WARN]: Missing left section for event 1. Skipping.
2024-11-23 08:48:15 [INFO]: Processing event 2 of 12...
2024-11-23 08:48:15 [WARN]: Missing left section for event 2. Skipping.
2024-11-23 08:48:15 [INFO]: Processing event 3 of 12...
2024-11-23 08:48:15 [INFO]: Extracted event: Plastic Tree  結成30周年“樹念” Autumn Tour2024「続・Plastic Tree」
2024-11-23 08:48:15 [INFO]: Processing event 4 of 12...
2024-11-23 08:48:15 [INFO]: Extracted event: Gold & Silver 3nd One Man LIVE ーSIGNALー
2024-11-23 08:48:15 [INFO]: Processing event 5 of 12...
2024-11-23 08:48:15 [INFO]: Extracted event: TRUE MUSIC CAMP Vol.1 ～TRUE vs 亜咲花～
2024-11-23 08:48:15 [INFO]: Processing event 6 of 12...
2024-11-23 08:48:15 [INFO]: Extracted event: サークルライチ主催 『サブカル』お試し編
2024-11-23 08:48:15 [INFO]: Processing event 7 of 12...
2024-11-23 08:48:16 [INFO]: Extracted event: マーキュロ主催　単独巡業 『超アブノーマル★(ヒカリ)倶楽部』京都編
2024-11-23 08:48:16 [INFO]: Processing event 8 of 12...
2024-11-23 08:48:16 [INFO]: Extracted event: 滋野誠 Shigeno Makoto Live 2024 ZERO
2024-11-23 08:48:16 [INFO]: Processing event 9 of 12...
2024-11-23 08:48:16 [INFO]: Extracted event: Verde Hybrid Tour 2024〝Wanderlust/〟
2024-11-23 08:48:16 [INFO]: Processing event 10 of 12...
2024-11-23 08:48:16 [INFO]: Extracted event: 9mm Parabellum Bullet 10th Album リリースツアー
2024-11-23 08:48:16 [INFO]: Processing event 11 of 12...
2024-11-23 08:48:16 [WARN]: Missing left section for event 11. Skipping.
2024-11-23 08:48:16 [INFO]: Processing event 12 of 12...
2024-11-23 08:48:16 [INFO]: Extracted event: LINDBERG Debut 35th Anniversary Tour「Thanx a Million☆Vol.2」
2024-11-23 08:48:16 [INFO]: Final event data extraction complete.
2024-11-23 08:48:16 [INFO]: Browser closed.
2024-11-23 10:12:44 [INFO]: Browser launched.
2024-11-23 10:12:45 [INFO]: New page opened.
2024-11-23 10:12:45 [INFO]: Navigating to Kyoto-Fanj schedule page...
2024-11-23 10:12:46 [INFO]: Page loaded.
2024-11-23 10:12:46 [INFO]: Found 12 event containers.
2024-11-23 10:12:46 [INFO]: Processing event 1 of 12...
2024-11-23 10:12:46 [WARN]: Missing left section for event 1. Skipping.
2024-11-23 10:12:46 [INFO]: Processing event 2 of 12...
2024-11-23 10:12:46 [WARN]: Missing left section for event 2. Skipping.
2024-11-23 10:12:46 [INFO]: Processing event 3 of 12...
2024-11-23 10:12:46 [INFO]: Extracted event: Plastic Tree  結成30周年“樹念” Autumn Tour2024「続・Plastic Tree」
2024-11-23 10:12:46 [INFO]: Processing event 4 of 12...
2024-11-23 10:12:46 [INFO]: Extracted event: Gold & Silver 3nd One Man LIVE ーSIGNALー
2024-11-23 10:12:46 [INFO]: Processing event 5 of 12...
2024-11-23 10:12:46 [INFO]: Extracted event: TRUE MUSIC CAMP Vol.1 ～TRUE vs 亜咲花～
2024-11-23 10:12:46 [INFO]: Processing event 6 of 12...
2024-11-23 10:12:46 [INFO]: Extracted event: サークルライチ主催 『サブカル』お試し編
2024-11-23 10:12:46 [INFO]: Processing event 7 of 12...
2024-11-23 10:12:46 [INFO]: Extracted event: マーキュロ主催　単独巡業 『超アブノーマル★(ヒカリ)倶楽部』京都編
2024-11-23 10:12:46 [INFO]: Processing event 8 of 12...
2024-11-23 10:12:46 [INFO]: Extracted event: 滋野誠 Shigeno Makoto Live 2024 ZERO
2024-11-23 10:12:46 [INFO]: Processing event 9 of 12...
2024-11-23 10:12:46 [INFO]: Extracted event: Verde Hybrid Tour 2024〝Wanderlust/〟
2024-11-23 10:12:46 [INFO]: Processing event 10 of 12...
2024-11-23 10:12:46 [INFO]: Extracted event: 9mm Parabellum Bullet 10th Album リリースツアー
2024-11-23 10:12:46 [INFO]: Processing event 11 of 12...
2024-11-23 10:12:46 [WARN]: Missing left section for event 11. Skipping.
2024-11-23 10:12:46 [INFO]: Processing event 12 of 12...
2024-11-23 10:12:46 [INFO]: Extracted event: LINDBERG Debut 35th Anniversary Tour「Thanx a Million☆Vol.2」
2024-11-23 10:12:46 [INFO]: Final event data extraction complete.
2024-11-23 10:12:47 [INFO]: Browser closed.
2024-11-24 05:34:50 [INFO]: Browser launched.
2024-11-24 05:34:50 [INFO]: New page opened.
2024-11-24 05:34:50 [INFO]: Navigating to Kyoto-Fanj schedule page...
2024-11-24 05:34:52 [INFO]: Page loaded.
2024-11-24 05:34:52 [INFO]: Found 12 event containers.
2024-11-24 05:34:52 [INFO]: Processing event 1 of 12...
2024-11-24 05:34:52 [WARN]: Missing left section for event 1. Skipping.
2024-11-24 05:34:52 [INFO]: Processing event 2 of 12...
2024-11-24 05:34:52 [WARN]: Missing left section for event 2. Skipping.
2024-11-24 05:34:52 [INFO]: Processing event 3 of 12...
2024-11-24 05:34:52 [INFO]: Extracted event: Plastic Tree  結成30周年“樹念” Autumn Tour2024「続・Plastic Tree」
2024-11-24 05:34:52 [INFO]: Processing event 4 of 12...
2024-11-24 05:34:52 [INFO]: Extracted event: Gold & Silver 3nd One Man LIVE ーSIGNALー
2024-11-24 05:34:52 [INFO]: Processing event 5 of 12...
2024-11-24 05:34:52 [INFO]: Extracted event: TRUE MUSIC CAMP Vol.1 ～TRUE vs 亜咲花～
2024-11-24 05:34:52 [INFO]: Processing event 6 of 12...
2024-11-24 05:34:52 [INFO]: Extracted event: サークルライチ主催 『サブカル』お試し編
2024-11-24 05:34:52 [INFO]: Processing event 7 of 12...
2024-11-24 05:34:52 [INFO]: Extracted event: マーキュロ主催　単独巡業 『超アブノーマル★(ヒカリ)倶楽部』京都編
2024-11-24 05:34:52 [INFO]: Processing event 8 of 12...
2024-11-24 05:34:52 [INFO]: Extracted event: 滋野誠 Shigeno Makoto Live 2024 ZERO
2024-11-24 05:34:52 [INFO]: Processing event 9 of 12...
2024-11-24 05:34:52 [INFO]: Extracted event: Verde Hybrid Tour 2024〝Wanderlust/〟
2024-11-24 05:34:52 [INFO]: Processing event 10 of 12...
2024-11-24 05:34:52 [INFO]: Extracted event: 9mm Parabellum Bullet 10th Album リリースツアー
2024-11-24 05:34:52 [INFO]: Processing event 11 of 12...
2024-11-24 05:34:52 [WARN]: Missing left section for event 11. Skipping.
2024-11-24 05:34:52 [INFO]: Processing event 12 of 12...
2024-11-24 05:34:52 [INFO]: Extracted event: LINDBERG Debut 35th Anniversary Tour「Thanx a Million☆Vol.2」
2024-11-24 05:34:52 [INFO]: Final event data extraction complete.
2024-11-24 05:34:52 [INFO]: Browser closed.
